<?xml version="1.0" encoding="UTF-8"?>
<!-- Generated by org.testng.reporters.JUnitReportReporter -->
<testsuite hostname="GIND04LX6R5G5Q2" failures="0" tests="2" name="framework.HomePage" time="28.261" errors="0" timestamp="2021-11-06T23:32:25 IST" skipped="0">
  <testcase classname="framework.HomePage" name="HomePageNavigation" time="23.748"/>
  <system-out/>
  <testcase classname="framework.HomePage" name="HomePageNavigation" time="4.513"/>
  <system-out/>
</testsuite> <!-- framework.HomePage -->
